[2017-03-15 02:03:16] Jqh.DEBUG: Orm\Converter - Start: orm convertation [] []
[2017-03-15 02:03:16] Jqh.NOTICE: E_NOTICE: Undefined index: fields {"code":8,"message":"Undefined index: fields","file":"F:\\project\\auto\\jqh\\application\\Fox\\Core\\Utils\\Metadata.php","line":230} []
[2017-03-15 02:03:17] Jqh.NOTICE: E_NOTICE: Undefined index: entityDefs {"code":8,"message":"Undefined index: entityDefs","file":"F:\\project\\auto\\jqh\\application\\Fox\\Core\\Utils\\Metadata.php","line":232} []
[2017-03-15 02:03:17] Jqh.WARNING: E_WARNING: Invalid argument supplied for foreach() {"code":2,"message":"Invalid argument supplied for foreach()","file":"F:\\project\\auto\\jqh\\application\\Fox\\Core\\Utils\\Metadata.php","line":232} []
[2017-03-15 02:03:17] Jqh.WARNING: E_WARNING: Invalid argument supplied for foreach() {"code":2,"message":"Invalid argument supplied for foreach()","file":"F:\\project\\auto\\jqh\\application\\Fox\\Core\\Utils\\Database\\Orm\\Converter.php","line":124} []
[2017-03-15 02:03:17] Jqh.DEBUG: Orm\Converter - End: orm convertation, result=[1] [] []
[2017-03-15 02:03:17] Jqh.ERROR: Display Error: No database driver specified., Code: 0 URL: /api/v1/User/action/ReturnPhp [] []
[2017-03-15 02:03:17] Jqh.ERROR: Uncaught Exception Slim\Exception\Stop: "" at F:\project\auto\jqh\vendor\slim\slim\Slim\Slim.php line 1020 {"exception":"[object] (Slim\\Exception\\Stop(code: 0):  at F:\\project\\auto\\jqh\\vendor\\slim\\slim\\Slim\\Slim.php:1020)"} []
[2017-03-15 02:03:24] Jqh.DEBUG: Orm\Converter - Start: orm convertation [] []
[2017-03-15 02:03:24] Jqh.NOTICE: E_NOTICE: Undefined index: fields {"code":8,"message":"Undefined index: fields","file":"F:\\project\\auto\\jqh\\application\\Fox\\Core\\Utils\\Metadata.php","line":230} []
[2017-03-15 02:03:24] Jqh.NOTICE: E_NOTICE: Undefined index: entityDefs {"code":8,"message":"Undefined index: entityDefs","file":"F:\\project\\auto\\jqh\\application\\Fox\\Core\\Utils\\Metadata.php","line":232} []
[2017-03-15 02:03:24] Jqh.WARNING: E_WARNING: Invalid argument supplied for foreach() {"code":2,"message":"Invalid argument supplied for foreach()","file":"F:\\project\\auto\\jqh\\application\\Fox\\Core\\Utils\\Metadata.php","line":232} []
[2017-03-15 02:03:24] Jqh.WARNING: E_WARNING: Invalid argument supplied for foreach() {"code":2,"message":"Invalid argument supplied for foreach()","file":"F:\\project\\auto\\jqh\\application\\Fox\\Core\\Utils\\Database\\Orm\\Converter.php","line":124} []
[2017-03-15 02:03:24] Jqh.DEBUG: Orm\Converter - End: orm convertation, result=[1] [] []
[2017-03-15 02:03:24] Jqh.ERROR: Display Error: No database driver specified., Code: 0 URL: /api/v1/User/action/ReturnPhp [] []
[2017-03-15 02:03:24] Jqh.ERROR: Uncaught Exception Slim\Exception\Stop: "" at F:\project\auto\jqh\vendor\slim\slim\Slim\Slim.php line 1020 {"exception":"[object] (Slim\\Exception\\Stop(code: 0):  at F:\\project\\auto\\jqh\\vendor\\slim\\slim\\Slim\\Slim.php:1020)"} []
[2017-03-15 02:03:37] Jqh.DEBUG: Orm\Converter - Start: orm convertation [] []
[2017-03-15 02:03:37] Jqh.NOTICE: E_NOTICE: Undefined index: fields {"code":8,"message":"Undefined index: fields","file":"F:\\project\\auto\\jqh\\application\\Fox\\Core\\Utils\\Metadata.php","line":230} []
[2017-03-15 02:03:37] Jqh.NOTICE: E_NOTICE: Undefined index: entityDefs {"code":8,"message":"Undefined index: entityDefs","file":"F:\\project\\auto\\jqh\\application\\Fox\\Core\\Utils\\Metadata.php","line":232} []
[2017-03-15 02:03:37] Jqh.WARNING: E_WARNING: Invalid argument supplied for foreach() {"code":2,"message":"Invalid argument supplied for foreach()","file":"F:\\project\\auto\\jqh\\application\\Fox\\Core\\Utils\\Metadata.php","line":232} []
[2017-03-15 02:03:37] Jqh.WARNING: E_WARNING: Invalid argument supplied for foreach() {"code":2,"message":"Invalid argument supplied for foreach()","file":"F:\\project\\auto\\jqh\\application\\Fox\\Core\\Utils\\Database\\Orm\\Converter.php","line":124} []
[2017-03-15 02:03:37] Jqh.DEBUG: Orm\Converter - End: orm convertation, result=[1] [] []
[2017-03-15 02:03:37] Jqh.ERROR: Display Error: No database driver specified., Code: 0 URL: /api/v1/User/action/ReturnPhp [] []
[2017-03-15 02:03:38] Jqh.ERROR: Uncaught Exception Slim\Exception\Stop: "" at F:\project\auto\jqh\vendor\slim\slim\Slim\Slim.php line 1020 {"exception":"[object] (Slim\\Exception\\Stop(code: 0):  at F:\\project\\auto\\jqh\\vendor\\slim\\slim\\Slim\\Slim.php:1020)"} []
[2017-03-15 02:04:24] Jqh.DEBUG: Orm\Converter - Start: orm convertation [] []
[2017-03-15 02:04:24] Jqh.NOTICE: E_NOTICE: Undefined index: fields {"code":8,"message":"Undefined index: fields","file":"F:\\project\\auto\\jqh\\application\\Fox\\Core\\Utils\\Metadata.php","line":230} []
[2017-03-15 02:04:24] Jqh.NOTICE: E_NOTICE: Undefined index: entityDefs {"code":8,"message":"Undefined index: entityDefs","file":"F:\\project\\auto\\jqh\\application\\Fox\\Core\\Utils\\Metadata.php","line":232} []
[2017-03-15 02:04:24] Jqh.WARNING: E_WARNING: Invalid argument supplied for foreach() {"code":2,"message":"Invalid argument supplied for foreach()","file":"F:\\project\\auto\\jqh\\application\\Fox\\Core\\Utils\\Metadata.php","line":232} []
[2017-03-15 02:04:24] Jqh.WARNING: E_WARNING: Invalid argument supplied for foreach() {"code":2,"message":"Invalid argument supplied for foreach()","file":"F:\\project\\auto\\jqh\\application\\Fox\\Core\\Utils\\Database\\Orm\\Converter.php","line":124} []
[2017-03-15 02:04:24] Jqh.DEBUG: Orm\Converter - End: orm convertation, result=[1] [] []
[2017-03-15 02:04:24] Jqh.ERROR: Display Error: No database driver specified., Code: 0 URL: /api/v1/User/action/ReturnPhp [] []
[2017-03-15 02:04:25] Jqh.ERROR: Uncaught Exception Slim\Exception\Stop: "" at F:\project\auto\jqh\vendor\slim\slim\Slim\Slim.php line 1020 {"exception":"[object] (Slim\\Exception\\Stop(code: 0):  at F:\\project\\auto\\jqh\\vendor\\slim\\slim\\Slim\\Slim.php:1020)"} []
[2017-03-15 02:04:37] Jqh.DEBUG: Orm\Converter - Start: orm convertation [] []
[2017-03-15 02:04:37] Jqh.NOTICE: E_NOTICE: Undefined index: fields {"code":8,"message":"Undefined index: fields","file":"F:\\project\\auto\\jqh\\application\\Fox\\Core\\Utils\\Metadata.php","line":230} []
[2017-03-15 02:04:37] Jqh.NOTICE: E_NOTICE: Undefined index: entityDefs {"code":8,"message":"Undefined index: entityDefs","file":"F:\\project\\auto\\jqh\\application\\Fox\\Core\\Utils\\Metadata.php","line":232} []
[2017-03-15 02:04:37] Jqh.WARNING: E_WARNING: Invalid argument supplied for foreach() {"code":2,"message":"Invalid argument supplied for foreach()","file":"F:\\project\\auto\\jqh\\application\\Fox\\Core\\Utils\\Metadata.php","line":232} []
[2017-03-15 02:04:37] Jqh.WARNING: E_WARNING: Invalid argument supplied for foreach() {"code":2,"message":"Invalid argument supplied for foreach()","file":"F:\\project\\auto\\jqh\\application\\Fox\\Core\\Utils\\Database\\Orm\\Converter.php","line":124} []
[2017-03-15 02:04:37] Jqh.DEBUG: Orm\Converter - End: orm convertation, result=[1] [] []
[2017-03-15 02:04:37] Jqh.ERROR: Display Error: No database driver specified., Code: 0 URL: /api/v1/User/action/ReturnPhp [] []
[2017-03-15 02:04:37] Jqh.ERROR: Uncaught Exception Slim\Exception\Stop: "" at F:\project\auto\jqh\vendor\slim\slim\Slim\Slim.php line 1020 {"exception":"[object] (Slim\\Exception\\Stop(code: 0):  at F:\\project\\auto\\jqh\\vendor\\slim\\slim\\Slim\\Slim.php:1020)"} []
[2017-03-15 02:04:41] Jqh.DEBUG: Orm\Converter - Start: orm convertation [] []
[2017-03-15 02:04:41] Jqh.NOTICE: E_NOTICE: Undefined index: fields {"code":8,"message":"Undefined index: fields","file":"F:\\project\\auto\\jqh\\application\\Fox\\Core\\Utils\\Metadata.php","line":230} []
[2017-03-15 02:04:41] Jqh.NOTICE: E_NOTICE: Undefined index: entityDefs {"code":8,"message":"Undefined index: entityDefs","file":"F:\\project\\auto\\jqh\\application\\Fox\\Core\\Utils\\Metadata.php","line":232} []
[2017-03-15 02:04:41] Jqh.WARNING: E_WARNING: Invalid argument supplied for foreach() {"code":2,"message":"Invalid argument supplied for foreach()","file":"F:\\project\\auto\\jqh\\application\\Fox\\Core\\Utils\\Metadata.php","line":232} []
[2017-03-15 02:04:41] Jqh.WARNING: E_WARNING: Invalid argument supplied for foreach() {"code":2,"message":"Invalid argument supplied for foreach()","file":"F:\\project\\auto\\jqh\\application\\Fox\\Core\\Utils\\Database\\Orm\\Converter.php","line":124} []
[2017-03-15 02:04:41] Jqh.DEBUG: Orm\Converter - End: orm convertation, result=[1] [] []
[2017-03-15 02:04:41] Jqh.ERROR: Display Error: No database driver specified., Code: 0 URL: /api/v1/User/action/ReturnPhp [] []
[2017-03-15 02:04:41] Jqh.ERROR: Uncaught Exception Slim\Exception\Stop: "" at F:\project\auto\jqh\vendor\slim\slim\Slim\Slim.php line 1020 {"exception":"[object] (Slim\\Exception\\Stop(code: 0):  at F:\\project\\auto\\jqh\\vendor\\slim\\slim\\Slim\\Slim.php:1020)"} []
[2017-03-15 02:04:59] Jqh.DEBUG: Orm\Converter - Start: orm convertation [] []
[2017-03-15 02:04:59] Jqh.NOTICE: E_NOTICE: Undefined index: fields {"code":8,"message":"Undefined index: fields","file":"F:\\project\\auto\\jqh\\application\\Fox\\Core\\Utils\\Metadata.php","line":230} []
[2017-03-15 02:04:59] Jqh.NOTICE: E_NOTICE: Undefined index: entityDefs {"code":8,"message":"Undefined index: entityDefs","file":"F:\\project\\auto\\jqh\\application\\Fox\\Core\\Utils\\Metadata.php","line":232} []
[2017-03-15 02:04:59] Jqh.WARNING: E_WARNING: Invalid argument supplied for foreach() {"code":2,"message":"Invalid argument supplied for foreach()","file":"F:\\project\\auto\\jqh\\application\\Fox\\Core\\Utils\\Metadata.php","line":232} []
[2017-03-15 02:04:59] Jqh.WARNING: E_WARNING: Invalid argument supplied for foreach() {"code":2,"message":"Invalid argument supplied for foreach()","file":"F:\\project\\auto\\jqh\\application\\Fox\\Core\\Utils\\Database\\Orm\\Converter.php","line":124} []
[2017-03-15 02:04:59] Jqh.DEBUG: Orm\Converter - End: orm convertation, result=[1] [] []
[2017-03-15 02:04:59] Jqh.ERROR: Display Error: No database driver specified., Code: 0 URL: /api/v1/User/action/ReturnPhp [] []
[2017-03-15 02:04:59] Jqh.ERROR: Uncaught Exception Slim\Exception\Stop: "" at F:\project\auto\jqh\vendor\slim\slim\Slim\Slim.php line 1020 {"exception":"[object] (Slim\\Exception\\Stop(code: 0):  at F:\\project\\auto\\jqh\\vendor\\slim\\slim\\Slim\\Slim.php:1020)"} []
[2017-03-15 02:05:04] Jqh.DEBUG: Orm\Converter - Start: orm convertation [] []
[2017-03-15 02:05:04] Jqh.NOTICE: E_NOTICE: Undefined index: fields {"code":8,"message":"Undefined index: fields","file":"F:\\project\\auto\\jqh\\application\\Fox\\Core\\Utils\\Metadata.php","line":230} []
[2017-03-15 02:05:04] Jqh.NOTICE: E_NOTICE: Undefined index: entityDefs {"code":8,"message":"Undefined index: entityDefs","file":"F:\\project\\auto\\jqh\\application\\Fox\\Core\\Utils\\Metadata.php","line":232} []
[2017-03-15 02:05:04] Jqh.WARNING: E_WARNING: Invalid argument supplied for foreach() {"code":2,"message":"Invalid argument supplied for foreach()","file":"F:\\project\\auto\\jqh\\application\\Fox\\Core\\Utils\\Metadata.php","line":232} []
[2017-03-15 02:05:04] Jqh.WARNING: E_WARNING: Invalid argument supplied for foreach() {"code":2,"message":"Invalid argument supplied for foreach()","file":"F:\\project\\auto\\jqh\\application\\Fox\\Core\\Utils\\Database\\Orm\\Converter.php","line":124} []
[2017-03-15 02:05:04] Jqh.DEBUG: Orm\Converter - End: orm convertation, result=[1] [] []
[2017-03-15 02:05:04] Jqh.ERROR: Display Error: No database driver specified., Code: 0 URL: /api/v1/User/action/ReturnPhp [] []
[2017-03-15 02:05:04] Jqh.ERROR: Uncaught Exception Slim\Exception\Stop: "" at F:\project\auto\jqh\vendor\slim\slim\Slim\Slim.php line 1020 {"exception":"[object] (Slim\\Exception\\Stop(code: 0):  at F:\\project\\auto\\jqh\\vendor\\slim\\slim\\Slim\\Slim.php:1020)"} []
[2017-03-15 02:05:24] Jqh.DEBUG: Orm\Converter - Start: orm convertation [] []
[2017-03-15 02:05:24] Jqh.NOTICE: E_NOTICE: Undefined index: fields {"code":8,"message":"Undefined index: fields","file":"F:\\project\\auto\\jqh\\application\\Fox\\Core\\Utils\\Metadata.php","line":230} []
[2017-03-15 02:05:24] Jqh.NOTICE: E_NOTICE: Undefined index: entityDefs {"code":8,"message":"Undefined index: entityDefs","file":"F:\\project\\auto\\jqh\\application\\Fox\\Core\\Utils\\Metadata.php","line":232} []
[2017-03-15 02:05:24] Jqh.WARNING: E_WARNING: Invalid argument supplied for foreach() {"code":2,"message":"Invalid argument supplied for foreach()","file":"F:\\project\\auto\\jqh\\application\\Fox\\Core\\Utils\\Metadata.php","line":232} []
[2017-03-15 02:05:24] Jqh.WARNING: E_WARNING: Invalid argument supplied for foreach() {"code":2,"message":"Invalid argument supplied for foreach()","file":"F:\\project\\auto\\jqh\\application\\Fox\\Core\\Utils\\Database\\Orm\\Converter.php","line":124} []
[2017-03-15 02:05:24] Jqh.DEBUG: Orm\Converter - End: orm convertation, result=[1] [] []
[2017-03-15 02:05:24] Jqh.ERROR: Display Error: No database driver specified., Code: 0 URL: /api/v1/User/action/ReturnPhp [] []
[2017-03-15 02:05:24] Jqh.ERROR: Uncaught Exception Slim\Exception\Stop: "" at F:\project\auto\jqh\vendor\slim\slim\Slim\Slim.php line 1020 {"exception":"[object] (Slim\\Exception\\Stop(code: 0):  at F:\\project\\auto\\jqh\\vendor\\slim\\slim\\Slim\\Slim.php:1020)"} []
[2017-03-15 02:05:26] Jqh.DEBUG: Orm\Converter - Start: orm convertation [] []
[2017-03-15 02:05:26] Jqh.NOTICE: E_NOTICE: Undefined index: fields {"code":8,"message":"Undefined index: fields","file":"F:\\project\\auto\\jqh\\application\\Fox\\Core\\Utils\\Metadata.php","line":230} []
[2017-03-15 02:05:26] Jqh.NOTICE: E_NOTICE: Undefined index: entityDefs {"code":8,"message":"Undefined index: entityDefs","file":"F:\\project\\auto\\jqh\\application\\Fox\\Core\\Utils\\Metadata.php","line":232} []
[2017-03-15 02:05:26] Jqh.WARNING: E_WARNING: Invalid argument supplied for foreach() {"code":2,"message":"Invalid argument supplied for foreach()","file":"F:\\project\\auto\\jqh\\application\\Fox\\Core\\Utils\\Metadata.php","line":232} []
[2017-03-15 02:05:27] Jqh.WARNING: E_WARNING: Invalid argument supplied for foreach() {"code":2,"message":"Invalid argument supplied for foreach()","file":"F:\\project\\auto\\jqh\\application\\Fox\\Core\\Utils\\Database\\Orm\\Converter.php","line":124} []
[2017-03-15 02:05:27] Jqh.DEBUG: Orm\Converter - End: orm convertation, result=[1] [] []
[2017-03-15 02:05:27] Jqh.ERROR: Display Error: No database driver specified., Code: 0 URL: /api/v1/User/action/ReturnPhp [] []
[2017-03-15 02:05:27] Jqh.ERROR: Uncaught Exception Slim\Exception\Stop: "" at F:\project\auto\jqh\vendor\slim\slim\Slim\Slim.php line 1020 {"exception":"[object] (Slim\\Exception\\Stop(code: 0):  at F:\\project\\auto\\jqh\\vendor\\slim\\slim\\Slim\\Slim.php:1020)"} []
[2017-03-15 02:05:28] Jqh.DEBUG: Orm\Converter - Start: orm convertation [] []
[2017-03-15 02:05:28] Jqh.NOTICE: E_NOTICE: Undefined index: fields {"code":8,"message":"Undefined index: fields","file":"F:\\project\\auto\\jqh\\application\\Fox\\Core\\Utils\\Metadata.php","line":230} []
[2017-03-15 02:05:28] Jqh.NOTICE: E_NOTICE: Undefined index: entityDefs {"code":8,"message":"Undefined index: entityDefs","file":"F:\\project\\auto\\jqh\\application\\Fox\\Core\\Utils\\Metadata.php","line":232} []
[2017-03-15 02:05:29] Jqh.WARNING: E_WARNING: Invalid argument supplied for foreach() {"code":2,"message":"Invalid argument supplied for foreach()","file":"F:\\project\\auto\\jqh\\application\\Fox\\Core\\Utils\\Metadata.php","line":232} []
[2017-03-15 02:05:29] Jqh.WARNING: E_WARNING: Invalid argument supplied for foreach() {"code":2,"message":"Invalid argument supplied for foreach()","file":"F:\\project\\auto\\jqh\\application\\Fox\\Core\\Utils\\Database\\Orm\\Converter.php","line":124} []
[2017-03-15 02:05:29] Jqh.DEBUG: Orm\Converter - End: orm convertation, result=[1] [] []
[2017-03-15 02:05:29] Jqh.ERROR: Display Error: No database driver specified., Code: 0 URL: /api/v1/User/action/ReturnPhp [] []
[2017-03-15 02:05:29] Jqh.ERROR: Uncaught Exception Slim\Exception\Stop: "" at F:\project\auto\jqh\vendor\slim\slim\Slim\Slim.php line 1020 {"exception":"[object] (Slim\\Exception\\Stop(code: 0):  at F:\\project\\auto\\jqh\\vendor\\slim\\slim\\Slim\\Slim.php:1020)"} []
[2017-03-15 02:05:45] Jqh.DEBUG: Orm\Converter - Start: orm convertation [] []
[2017-03-15 02:05:45] Jqh.NOTICE: E_NOTICE: Undefined index: fields {"code":8,"message":"Undefined index: fields","file":"F:\\project\\auto\\jqh\\application\\Fox\\Core\\Utils\\Metadata.php","line":230} []
[2017-03-15 02:05:45] Jqh.NOTICE: E_NOTICE: Undefined index: entityDefs {"code":8,"message":"Undefined index: entityDefs","file":"F:\\project\\auto\\jqh\\application\\Fox\\Core\\Utils\\Metadata.php","line":232} []
[2017-03-15 02:05:45] Jqh.WARNING: E_WARNING: Invalid argument supplied for foreach() {"code":2,"message":"Invalid argument supplied for foreach()","file":"F:\\project\\auto\\jqh\\application\\Fox\\Core\\Utils\\Metadata.php","line":232} []
[2017-03-15 02:05:45] Jqh.WARNING: E_WARNING: Invalid argument supplied for foreach() {"code":2,"message":"Invalid argument supplied for foreach()","file":"F:\\project\\auto\\jqh\\application\\Fox\\Core\\Utils\\Database\\Orm\\Converter.php","line":124} []
[2017-03-15 02:05:45] Jqh.DEBUG: Orm\Converter - End: orm convertation, result=[1] [] []
[2017-03-15 02:05:45] Jqh.ERROR: Display Error: No database driver specified., Code: 0 URL: /api/v1/User/action/ReturnPhp [] []
[2017-03-15 02:05:45] Jqh.ERROR: Uncaught Exception Slim\Exception\Stop: "" at F:\project\auto\jqh\vendor\slim\slim\Slim\Slim.php line 1020 {"exception":"[object] (Slim\\Exception\\Stop(code: 0):  at F:\\project\\auto\\jqh\\vendor\\slim\\slim\\Slim\\Slim.php:1020)"} []
[2017-03-15 02:06:23] Jqh.DEBUG: Orm\Converter - Start: orm convertation [] []
[2017-03-15 02:06:23] Jqh.NOTICE: E_NOTICE: Undefined index: fields {"code":8,"message":"Undefined index: fields","file":"F:\\project\\auto\\jqh\\application\\Fox\\Core\\Utils\\Metadata.php","line":230} []
[2017-03-15 02:06:23] Jqh.NOTICE: E_NOTICE: Undefined index: entityDefs {"code":8,"message":"Undefined index: entityDefs","file":"F:\\project\\auto\\jqh\\application\\Fox\\Core\\Utils\\Metadata.php","line":232} []
[2017-03-15 02:06:23] Jqh.WARNING: E_WARNING: Invalid argument supplied for foreach() {"code":2,"message":"Invalid argument supplied for foreach()","file":"F:\\project\\auto\\jqh\\application\\Fox\\Core\\Utils\\Metadata.php","line":232} []
[2017-03-15 02:06:23] Jqh.WARNING: E_WARNING: Invalid argument supplied for foreach() {"code":2,"message":"Invalid argument supplied for foreach()","file":"F:\\project\\auto\\jqh\\application\\Fox\\Core\\Utils\\Database\\Orm\\Converter.php","line":124} []
[2017-03-15 02:06:23] Jqh.DEBUG: Orm\Converter - End: orm convertation, result=[1] [] []
[2017-03-15 02:06:23] Jqh.ERROR: Display Error: No database driver specified., Code: 0 URL: /api/v1/Settings [] []
[2017-03-15 02:06:23] Jqh.ERROR: Uncaught Exception Slim\Exception\Stop: "" at F:\project\auto\jqh\vendor\slim\slim\Slim\Slim.php line 1020 {"exception":"[object] (Slim\\Exception\\Stop(code: 0):  at F:\\project\\auto\\jqh\\vendor\\slim\\slim\\Slim\\Slim.php:1020)"} []
[2017-03-15 02:06:57] Jqh.DEBUG: Orm\Converter - Start: orm convertation [] []
[2017-03-15 02:06:57] Jqh.NOTICE: E_NOTICE: Undefined index: fields {"code":8,"message":"Undefined index: fields","file":"F:\\project\\auto\\jqh\\application\\Fox\\Core\\Utils\\Metadata.php","line":230} []
[2017-03-15 02:06:57] Jqh.NOTICE: E_NOTICE: Undefined index: entityDefs {"code":8,"message":"Undefined index: entityDefs","file":"F:\\project\\auto\\jqh\\application\\Fox\\Core\\Utils\\Metadata.php","line":232} []
[2017-03-15 02:06:57] Jqh.WARNING: E_WARNING: Invalid argument supplied for foreach() {"code":2,"message":"Invalid argument supplied for foreach()","file":"F:\\project\\auto\\jqh\\application\\Fox\\Core\\Utils\\Metadata.php","line":232} []
[2017-03-15 02:06:57] Jqh.WARNING: E_WARNING: Invalid argument supplied for foreach() {"code":2,"message":"Invalid argument supplied for foreach()","file":"F:\\project\\auto\\jqh\\application\\Fox\\Core\\Utils\\Database\\Orm\\Converter.php","line":124} []
[2017-03-15 02:06:57] Jqh.DEBUG: Orm\Converter - End: orm convertation, result=[1] [] []
[2017-03-15 02:06:57] Jqh.ERROR: Display Error: No database driver specified., Code: 0 URL: /api/v1/Settings [] []
[2017-03-15 02:06:57] Jqh.ERROR: Uncaught Exception Slim\Exception\Stop: "" at F:\project\auto\jqh\vendor\slim\slim\Slim\Slim.php line 1020 {"exception":"[object] (Slim\\Exception\\Stop(code: 0):  at F:\\project\\auto\\jqh\\vendor\\slim\\slim\\Slim\\Slim.php:1020)"} []
[2017-03-15 02:07:10] Jqh.DEBUG: Orm\Converter - Start: orm convertation [] []
[2017-03-15 02:07:10] Jqh.NOTICE: E_NOTICE: Undefined index: fields {"code":8,"message":"Undefined index: fields","file":"F:\\project\\auto\\jqh\\application\\Fox\\Core\\Utils\\Metadata.php","line":230} []
[2017-03-15 02:07:10] Jqh.NOTICE: E_NOTICE: Undefined index: entityDefs {"code":8,"message":"Undefined index: entityDefs","file":"F:\\project\\auto\\jqh\\application\\Fox\\Core\\Utils\\Metadata.php","line":232} []
[2017-03-15 02:07:10] Jqh.WARNING: E_WARNING: Invalid argument supplied for foreach() {"code":2,"message":"Invalid argument supplied for foreach()","file":"F:\\project\\auto\\jqh\\application\\Fox\\Core\\Utils\\Metadata.php","line":232} []
[2017-03-15 02:07:10] Jqh.WARNING: E_WARNING: Invalid argument supplied for foreach() {"code":2,"message":"Invalid argument supplied for foreach()","file":"F:\\project\\auto\\jqh\\application\\Fox\\Core\\Utils\\Database\\Orm\\Converter.php","line":124} []
[2017-03-15 02:07:10] Jqh.DEBUG: Orm\Converter - End: orm convertation, result=[1] [] []
[2017-03-15 02:07:10] Jqh.ERROR: Display Error: No database driver specified., Code: 0 URL: /api/v1/Settings [] []
[2017-03-15 02:07:10] Jqh.ERROR: Uncaught Exception Slim\Exception\Stop: "" at F:\project\auto\jqh\vendor\slim\slim\Slim\Slim.php line 1020 {"exception":"[object] (Slim\\Exception\\Stop(code: 0):  at F:\\project\\auto\\jqh\\vendor\\slim\\slim\\Slim\\Slim.php:1020)"} []
